SF:lib\features\product\data\datasources\product_remote_datasource.dart
DA:19,1
DA:21,1
DA:24,1
DA:26,2
DA:28,1
DA:31,2
DA:33,2
DA:34,4
DA:35,2
DA:36,4
DA:37,2
DA:38,1
DA:39,3
DA:41,1
DA:42,3
DA:45,2
DA:49,1
DA:52,3
DA:53,2
DA:55,2
DA:56,4
DA:57,2
DA:58,4
DA:59,2
DA:60,1
DA:61,3
DA:63,1
DA:64,3
DA:67,2
DA:71,1
DA:74,2
DA:76,2
DA:78,3
DA:80,1
DA:81,2
DA:82,4
DA:83,2
DA:84,4
DA:85,2
DA:86,1
DA:87,3
DA:89,1
DA:90,3
DA:93,2
DA:97,1
DA:100,1
DA:101,2
DA:102,2
DA:103,1
DA:105,1
DA:106,2
DA:108,2
DA:109,4
DA:110,2
DA:111,4
DA:112,2
DA:113,1
DA:114,3
DA:116,1
DA:117,3
DA:120,2
DA:124,1
DA:127,3
DA:129,2
DA:131,2
DA:132,2
DA:133,4
DA:134,2
DA:135,4
DA:136,2
DA:137,1
DA:138,3
DA:140,1
DA:141,3
DA:144,2
LF:75
LH:75
end_of_record
SF:lib\features\product\data\models\product_model.dart
DA:4,1
DA:19,1
DA:20,1
DA:21,1
DA:22,1
DA:23,1
DA:24,1
DA:25,1
DA:26,1
DA:27,1
DA:28,1
DA:29,1
DA:30,1
DA:31,1
DA:32,1
DA:36,1
DA:37,1
DA:38,1
DA:39,1
DA:40,1
DA:41,1
DA:42,1
DA:43,1
DA:44,1
DA:45,1
DA:46,1
DA:47,1
DA:48,1
DA:49,1
DA:53,1
DA:54,1
DA:55,2
DA:56,2
DA:57,2
DA:58,2
DA:59,2
DA:60,2
DA:61,2
DA:62,2
DA:63,2
DA:64,2
DA:65,2
DA:69,1
DA:70,1
DA:71,4
LF:45
LH:45
end_of_record
SF:lib\features\product\domain\entities\product.dart
DA:17,1
DA:32,1
DA:33,1
DA:34,1
DA:35,1
DA:36,1
DA:37,1
DA:38,1
DA:39,1
DA:40,1
DA:41,1
DA:42,1
DA:43,1
DA:44,1
DA:45,1
LF:15
LH:15
end_of_record
SF:lib\core\error\exception.dart
DA:3,1
DA:5,1
DA:6,2
DA:11,1
DA:13,1
DA:14,2
DA:19,1
DA:21,1
DA:22,2
DA:27,1
DA:29,1
DA:30,2
LF:12
LH:12
end_of_record
